<?xml version="1.0" encoding="UTF-8"?>
<!-- Generated by org.testng.reporters.JUnitReportReporter -->
<testsuite hostname="selenium7" failures="0" tests="4" name="runners.TaggedRunner" time="0.227" errors="0" timestamp="2024-12-24T11:07:53 IST" skipped="0">
  <testcase classname="runners.TaggedRunner" name="runScenario" time="0.026"/>
  <system-out/>
  <testcase classname="runners.TaggedRunner" name="runScenario" time="0.029"/>
  <system-out/>
  <testcase classname="runners.TaggedRunner" name="runScenario" time="0.146"/>
  <system-out/>
  <testcase classname="runners.TaggedRunner" name="runScenario" time="0.026"/>
  <system-out/>
</testsuite> <!-- runners.TaggedRunner -->
