<?xml version="1.0" encoding="UTF-8"?>
<!-- Generated by org.testng.reporters.JUnitReportReporter -->
<testsuite hostname="selenium7" failures="0" tests="2" name="runners.Parallelrunner" time="12.613" errors="0" timestamp="2024-12-20T16:55:49 IST" skipped="0">
  <testcase classname="runners.Parallelrunner" name="runScenario" time="6.459"/>
  <system-out/>
  <testcase classname="runners.Parallelrunner" name="runScenario" time="6.154"/>
  <system-out/>
</testsuite> <!-- runners.Parallelrunner -->
